Using pre-set license

 COMMAND LINE ARGUMENTS:
/Applications/Unity/Hub/Editor/2020.3.3f1/Unity.app/Contents/MacOS/Unity
-adb2
-batchMode
-noUpm
-name
AssetImportWorker0
-projectPath
/Users/codeninjas4/Documents/Jackson/anabel-polygonthepolyrun/anabel-polyrunthepolygon
-logFile
Logs/AssetImportWorker0.log
-srvPort
57110
Successfully changed project path to: /Users/codeninjas4/Documents/Jackson/anabel-polygonthepolyrun/anabel-polyrunthepolygon
/Users/codeninjas4/Documents/Jackson/anabel-polygonthepolyrun/anabel-polyrunthepolygon
Using Asset Import Pipeline V2.
Refreshing native plugins compatible for Editor in 36.98 ms, found 1 plugins.
Preloading 0 native plugins for Editor in 0.00 ms.
Initialize engine version: 2020.3.3f1 (76626098c1c4)
[Subsystems] Discovering subsystems at path /Applications/Unity/Hub/Editor/2020.3.3f1/Unity.app/Contents/Resources/UnitySubsystems
[Subsystems] Discovering subsystems at path /Users/codeninjas4/Documents/Jackson/anabel-polygonthepolyrun/anabel-polyrunthepolygon/Assets
GfxDevice: creating device client; threaded=0
2021-08-05 16:01:12.293 Unity[41097:27864674] Color LCD preferred device: Intel(R) Iris(TM) Plus Graphics 640 (low power)
2021-08-05 16:01:12.293 Unity[41097:27864674] Metal devices available: 1
2021-08-05 16:01:12.293 Unity[41097:27864674] 0: Intel(R) Iris(TM) Plus Graphics 640 (low power)
2021-08-05 16:01:12.295 Unity[41097:27864674] Using device Intel(R) Iris(TM) Plus Graphics 640 (low power)
Initializing Metal device caps: Intel(R) Iris(TM) Plus Graphics 640
Initialize mono
Mono path[0] = '/Applications/Unity/Hub/Editor/2020.3.3f1/Unity.app/Contents/Managed'
Mono path[1] = '/Applications/Unity/Hub/Editor/2020.3.3f1/Unity.app/Contents/MonoBleedingEdge/lib/mono/unityjit'
Mono config path = '/Applications/Unity/Hub/Editor/2020.3.3f1/Unity.app/Contents/MonoBleedingEdge/etc'
Using monoOptions --debugger-agent=transport=dt_socket,embedding=1,server=y,suspend=n,address=127.0.0.1:56097
Begin MonoManager ReloadAssembly
Registering precompiled unity dll's ...
Register platform support module: /Applications/Unity/Hub/Editor/2020.3.3f1/Unity.app/Contents/PlaybackEngines/MacStandaloneSupport/UnityEditor.OSXStandalone.Extensions.dll
Registered in 0.001328 seconds.
Native extension for OSXStandalone target not found
Refreshing native plugins compatible for Editor in 81.20 ms, found 1 plugins.
Preloading 0 native plugins for Editor in 0.00 ms.
Invoked RoslynAnalysisRunner static constructor.
RoslynAnalysisRunner will not be running.
RoslynAnalysisRunner has terminated.
Mono: successfully reloaded assembly
- Completed reload, in  4.304 seconds
Platform modules already initialized, skipping
Registering precompiled user dll's ...
Registered in 0.000576 seconds.
Begin MonoManager ReloadAssembly
Native extension for OSXStandalone target not found
Refreshing native plugins compatible for Editor in 0.42 ms, found 1 plugins.
Preloading 0 native plugins for Editor in 0.00 ms.
Invoked RoslynAnalysisRunner static constructor.
RoslynAnalysisRunner will not be running.
RoslynAnalysisRunner has terminated.
Mono: successfully reloaded assembly
- Completed reload, in  2.943 seconds
Platform modules already initialized, skipping
========================================================================
Worker process is ready to serve import requests
Launching external process: /Applications/Unity/Hub/Editor/2020.3.3f1/Unity.app/Contents/Tools/UnityShaderCompiler
Launched and connected shader compiler UnityShaderCompiler after 0.04 seconds
Refreshing native plugins compatible for Editor in 0.41 ms, found 1 plugins.
Preloading 0 native plugins for Editor in 0.00 ms.
Unloading 1196 Unused Serialized files (Serialized files now loaded: 0)
System memory in use before: 135.7 MB.
System memory in use after: 135.8 MB.

Unloading 10 unused Assets to reduce memory usage. Loaded Objects now: 1652.
Total: 5.080228 ms (FindLiveObjects: 0.576668 ms CreateObjectMapping: 0.187198 ms MarkObjects: 4.157127 ms  DeleteObjects: 0.153627 ms)

========================================================================
Received Import Request.
  path: Assets/_MK
  artifactKey: Guid(9a093aa6abaaa4f4d84b80813da78fa7) Importer(815301076,1909f56bfc062723c751e8b465ee728b)
Start importing Assets/_MK using Guid(9a093aa6abaaa4f4d84b80813da78fa7) Importer(815301076,1909f56bfc062723c751e8b465ee728b)  -> (artifact id: 'fe29231cb318fb757de324f9969b90e1') in 0.008849 seconds
  Import took 0.014130 seconds .

========================================================================
Received Import Request.
  Time since last request: 0.000614 seconds.
  path: Assets/_MK/MKGlowFree/Shaders/VariantsSelective
  artifactKey: Guid(d6756c76e16433043a6a296abf963b40) Importer(815301076,1909f56bfc062723c751e8b465ee728b)
Start importing Assets/_MK/MKGlowFree/Shaders/VariantsSelective using Guid(d6756c76e16433043a6a296abf963b40) Importer(815301076,1909f56bfc062723c751e8b465ee728b)  -> (artifact id: '277364b809b5697656cf54e051f76108') in 0.001481 seconds
  Import took 0.005892 seconds .

========================================================================
Received Import Request.
  Time since last request: 0.000287 seconds.
  path: Assets/_MK/MKGlowFree
  artifactKey: Guid(2cf7a587430ea7148b7e8f0525132d8a) Importer(815301076,1909f56bfc062723c751e8b465ee728b)
Start importing Assets/_MK/MKGlowFree using Guid(2cf7a587430ea7148b7e8f0525132d8a) Importer(815301076,1909f56bfc062723c751e8b465ee728b)  -> (artifact id: 'f84a1d18700024b886bf9c9605b87b89') in 0.001295 seconds
  Import took 0.003953 seconds .

========================================================================
Received Import Request.
  Time since last request: 0.000270 seconds.
  path: Assets/_MK/MKGlowFree/Shaders
  artifactKey: Guid(839199b4c90e5ab4dbcb7fc664d90921) Importer(815301076,1909f56bfc062723c751e8b465ee728b)
Start importing Assets/_MK/MKGlowFree/Shaders using Guid(839199b4c90e5ab4dbcb7fc664d90921) Importer(815301076,1909f56bfc062723c751e8b465ee728b)  -> (artifact id: 'ec108baeaed984001b3c6095cb6fc563') in 0.001530 seconds
  Import took 0.004240 seconds .

========================================================================
Received Import Request.
  Time since last request: 0.288518 seconds.
  path: Assets/_MK/MKGlowFree/Shaders/VariantsSelective/UI
  artifactKey: Guid(28ade9a810a19fe47bade25c5ed37510) Importer(815301076,1909f56bfc062723c751e8b465ee728b)
Start importing Assets/_MK/MKGlowFree/Shaders/VariantsSelective/UI using Guid(28ade9a810a19fe47bade25c5ed37510) Importer(815301076,1909f56bfc062723c751e8b465ee728b)  -> (artifact id: '1df86bb4fe64ba10063f61dd90f3d567') in 0.002499 seconds
  Import took 0.006281 seconds .

========================================================================
Received Import Request.
  Time since last request: 2.066429 seconds.
  path: Assets/_MK/MKGlowFree/Shaders/VariantsSelective/Sprites
  artifactKey: Guid(ce41526b63d093b4bbcd25cb40721bf8) Importer(815301076,1909f56bfc062723c751e8b465ee728b)
Start importing Assets/_MK/MKGlowFree/Shaders/VariantsSelective/Sprites using Guid(ce41526b63d093b4bbcd25cb40721bf8) Importer(815301076,1909f56bfc062723c751e8b465ee728b)  -> (artifact id: 'd420bc525d1cc432bb13832b80f36756') in 0.002620 seconds
  Import took 0.006299 seconds .

========================================================================
Received Import Request.
  Time since last request: 1.991548 seconds.
  path: Assets/_MK/MKGlowFree/Shaders/VariantsSelective/Legacy
  artifactKey: Guid(601c8ec82d3ced94b92b80be849e7fea) Importer(815301076,1909f56bfc062723c751e8b465ee728b)
Start importing Assets/_MK/MKGlowFree/Shaders/VariantsSelective/Legacy using Guid(601c8ec82d3ced94b92b80be849e7fea) Importer(815301076,1909f56bfc062723c751e8b465ee728b)  -> (artifact id: '7b924ab20f2c05fbb02ee8ca6c2cd88d') in 0.001353 seconds
  Import took 0.005354 seconds .

========================================================================
Received Import Request.
  Time since last request: 2.065312 seconds.
  path: Assets/_MK/MKGlowFree/Shaders/Inc
  artifactKey: Guid(686733ec1d033a84bb82fed5cc60f054) Importer(815301076,1909f56bfc062723c751e8b465ee728b)
Start importing Assets/_MK/MKGlowFree/Shaders/Inc using Guid(686733ec1d033a84bb82fed5cc60f054) Importer(815301076,1909f56bfc062723c751e8b465ee728b)  -> (artifact id: '9e5b028158ca0fa2aeb4c4428956bc34') in 0.001624 seconds
  Import took 0.004522 seconds .

========================================================================
Received Import Request.
  Time since last request: 1.841168 seconds.
  path: Assets/_MK/MKGlowFree/Shaders/VariantsLuminance
  artifactKey: Guid(dfc25d8260d951e4b81827f99ab60fc6) Importer(815301076,1909f56bfc062723c751e8b465ee728b)
Start importing Assets/_MK/MKGlowFree/Shaders/VariantsLuminance using Guid(dfc25d8260d951e4b81827f99ab60fc6) Importer(815301076,1909f56bfc062723c751e8b465ee728b)  -> (artifact id: '0752a5e6117594e994ee9cf8b5de748f') in 0.003160 seconds
  Import took 0.007226 seconds .

========================================================================
Received Import Request.
  Time since last request: 1.115811 seconds.
  path: Assets/_MK/MKGlowFree/Shaders/Effect
  artifactKey: Guid(897969dcbdd6a9a4e98ac3fa44240bba) Importer(815301076,1909f56bfc062723c751e8b465ee728b)
Start importing Assets/_MK/MKGlowFree/Shaders/Effect using Guid(897969dcbdd6a9a4e98ac3fa44240bba) Importer(815301076,1909f56bfc062723c751e8b465ee728b)  -> (artifact id: 'b3fb64a25e5ae4ee72afd809bdd9d6de') in 0.002843 seconds
  Import took 0.007165 seconds .

========================================================================
Received Import Request.
  Time since last request: 7.675217 seconds.
  path: Assets/_MK/MKGlowFree/Shaders/VariantsSelective/Legacy/Other
  artifactKey: Guid(40fa80a90b3a51546ad41229d8a7ee4f) Importer(815301076,1909f56bfc062723c751e8b465ee728b)
Start importing Assets/_MK/MKGlowFree/Shaders/VariantsSelective/Legacy/Other using Guid(40fa80a90b3a51546ad41229d8a7ee4f) Importer(815301076,1909f56bfc062723c751e8b465ee728b)  -> (artifact id: '2b517800568efeb20d1fe3f116cf74b5') in 0.002581 seconds
  Import took 0.005915 seconds .

========================================================================
Received Import Request.
  Time since last request: 34.373108 seconds.
  path: Assets/Scripts/Spawner.cs
  artifactKey: Guid(b5e9a8003d0b1934bb71b4f8eaa6b29d) Importer(815301076,1909f56bfc062723c751e8b465ee728b)
Start importing Assets/Scripts/Spawner.cs using Guid(b5e9a8003d0b1934bb71b4f8eaa6b29d) Importer(815301076,1909f56bfc062723c751e8b465ee728b)  -> (artifact id: 'c6477130a06a68aa615980ea712450f5') in 0.149123 seconds
  Import took 0.151360 seconds .

========================================================================
Received Prepare
Registering precompiled user dll's ...
Registered in 0.001472 seconds.
Begin MonoManager ReloadAssembly
Native extension for OSXStandalone target not found
Refreshing native plugins compatible for Editor in 0.28 ms, found 1 plugins.
Preloading 0 native plugins for Editor in 0.00 ms.
Invoked RoslynAnalysisRunner static constructor.
RoslynAnalysisRunner will not be running.
RoslynAnalysisRunner has terminated.
Mono: successfully reloaded assembly
- Completed reload, in  1.005 seconds
Platform modules already initialized, skipping
Refreshing native plugins compatible for Editor in 0.36 ms, found 1 plugins.
Preloading 0 native plugins for Editor in 0.00 ms.
Unloading 1143 Unused Serialized files (Serialized files now loaded: 0)
System memory in use before: 132.4 MB.
System memory in use after: 132.5 MB.

Unloading 5 unused Assets to reduce memory usage. Loaded Objects now: 1655.
Total: 2.587189 ms (FindLiveObjects: 0.232273 ms CreateObjectMapping: 0.092620 ms MarkObjects: 2.180220 ms  DeleteObjects: 0.080756 ms)

========================================================================
Received Prepare
Registering precompiled user dll's ...
Registered in 0.000417 seconds.
Begin MonoManager ReloadAssembly
Native extension for OSXStandalone target not found
Refreshing native plugins compatible for Editor in 0.27 ms, found 1 plugins.
Preloading 0 native plugins for Editor in 0.00 ms.
Invoked RoslynAnalysisRunner static constructor.
RoslynAnalysisRunner will not be running.
RoslynAnalysisRunner has terminated.
Mono: successfully reloaded assembly
- Completed reload, in  0.927 seconds
Platform modules already initialized, skipping
Refreshing native plugins compatible for Editor in 0.23 ms, found 1 plugins.
Preloading 0 native plugins for Editor in 0.00 ms.
Unloading 1143 Unused Serialized files (Serialized files now loaded: 0)
System memory in use before: 132.6 MB.
System memory in use after: 132.7 MB.

Unloading 5 unused Assets to reduce memory usage. Loaded Objects now: 1658.
Total: 2.650293 ms (FindLiveObjects: 0.558276 ms CreateObjectMapping: 0.188889 ms MarkObjects: 1.819085 ms  DeleteObjects: 0.081165 ms)

========================================================================
Received Prepare
Registering precompiled user dll's ...
Registered in 0.000423 seconds.
Begin MonoManager ReloadAssembly
Native extension for OSXStandalone target not found
Refreshing native plugins compatible for Editor in 0.25 ms, found 1 plugins.
Preloading 0 native plugins for Editor in 0.00 ms.
Invoked RoslynAnalysisRunner static constructor.
RoslynAnalysisRunner will not be running.
RoslynAnalysisRunner has terminated.
Mono: successfully reloaded assembly
- Completed reload, in  0.935 seconds
Platform modules already initialized, skipping
Refreshing native plugins compatible for Editor in 0.25 ms, found 1 plugins.
Preloading 0 native plugins for Editor in 0.00 ms.
Unloading 1143 Unused Serialized files (Serialized files now loaded: 0)
System memory in use before: 132.8 MB.
System memory in use after: 132.9 MB.

Unloading 5 unused Assets to reduce memory usage. Loaded Objects now: 1661.
Total: 2.654467 ms (FindLiveObjects: 0.453744 ms CreateObjectMapping: 0.196678 ms MarkObjects: 1.921606 ms  DeleteObjects: 0.080400 ms)

========================================================================
Received Prepare
Registering precompiled user dll's ...
Registered in 0.000334 seconds.
Begin MonoManager ReloadAssembly
Native extension for OSXStandalone target not found
Refreshing native plugins compatible for Editor in 0.27 ms, found 1 plugins.
Preloading 0 native plugins for Editor in 0.00 ms.
Invoked RoslynAnalysisRunner static constructor.
RoslynAnalysisRunner will not be running.
RoslynAnalysisRunner has terminated.
Mono: successfully reloaded assembly
- Completed reload, in  0.941 seconds
Platform modules already initialized, skipping
Refreshing native plugins compatible for Editor in 0.23 ms, found 1 plugins.
Preloading 0 native plugins for Editor in 0.00 ms.
Unloading 1143 Unused Serialized files (Serialized files now loaded: 0)
System memory in use before: 133.0 MB.
System memory in use after: 133.1 MB.

Unloading 5 unused Assets to reduce memory usage. Loaded Objects now: 1664.
Total: 3.359121 ms (FindLiveObjects: 0.585804 ms CreateObjectMapping: 0.245329 ms MarkObjects: 2.429432 ms  DeleteObjects: 0.095542 ms)

========================================================================
Received Import Request.
  Time since last request: 195.434838 seconds.
  path: Assets/Prefabs/ChallengeObj (1).prefab
  artifactKey: Guid(cf7f376450be74a1fafd536a6bf40b76) Importer(815301076,1909f56bfc062723c751e8b465ee728b)
Start importing Assets/Prefabs/ChallengeObj (1).prefab using Guid(cf7f376450be74a1fafd536a6bf40b76) Importer(815301076,1909f56bfc062723c751e8b465ee728b)  -> (artifact id: '8c362f1e5804aacc4115ade883bd0358') in 0.422235 seconds
  Import took 0.425299 seconds .

========================================================================
Received Import Request.
  Time since last request: 0.000204 seconds.
  path: Assets/Prefabs/Square.prefab
  artifactKey: Guid(85a7b34030ff78240ad4046b0bb7ebb8) Importer(815301076,1909f56bfc062723c751e8b465ee728b)
Start importing Assets/Prefabs/Square.prefab using Guid(85a7b34030ff78240ad4046b0bb7ebb8) Importer(815301076,1909f56bfc062723c751e8b465ee728b)  -> (artifact id: '230a8f71bad0a27b2fd5220dcb38d439') in 0.010327 seconds
  Import took 0.013087 seconds .

========================================================================
Received Import Request.
  Time since last request: 0.000277 seconds.
  path: Assets/Prefabs/Enemy.prefab
  artifactKey: Guid(c35ef15c1d5cf554ca44aa3c5f446bfb) Importer(815301076,1909f56bfc062723c751e8b465ee728b)
Start importing Assets/Prefabs/Enemy.prefab using Guid(c35ef15c1d5cf554ca44aa3c5f446bfb) Importer(815301076,1909f56bfc062723c751e8b465ee728b)  -> (artifact id: '9bcfcfa05f45fd485fe56ee4f0423d37') in 0.030722 seconds
  Import took 0.033821 seconds .

========================================================================
Received Import Request.
  Time since last request: 0.000287 seconds.
  path: Assets/Prefabs/Player.prefab
  artifactKey: Guid(589710282b9db9746b32187b0cc2dd68) Importer(815301076,1909f56bfc062723c751e8b465ee728b)
Start importing Assets/Prefabs/Player.prefab using Guid(589710282b9db9746b32187b0cc2dd68) Importer(815301076,1909f56bfc062723c751e8b465ee728b)  -> (artifact id: '4e6dc55c61f97eb2d1bdf6e5d347804a') in 0.025427 seconds
  Import took 0.029410 seconds .

========================================================================
Received Import Request.
  Time since last request: 0.000711 seconds.
  path: Assets/Prefabs/MainGameCanvas.prefab
  artifactKey: Guid(32099380f5be4314eaafd9392860df90) Importer(815301076,1909f56bfc062723c751e8b465ee728b)
Start importing Assets/Prefabs/MainGameCanvas.prefab using Guid(32099380f5be4314eaafd9392860df90) Importer(815301076,1909f56bfc062723c751e8b465ee728b)  -> (artifact id: '1cae91a8d3c93446d69f4578b28f64ef') in 0.055949 seconds
  Import took 0.063178 seconds .

========================================================================
Received Import Request.
  Time since last request: 0.000365 seconds.
  path: Assets/Prefabs/Platform.prefab
  artifactKey: Guid(90ddefa79043fcf47afd016712445062) Importer(815301076,1909f56bfc062723c751e8b465ee728b)
Start importing Assets/Prefabs/Platform.prefab using Guid(90ddefa79043fcf47afd016712445062) Importer(815301076,1909f56bfc062723c751e8b465ee728b)  -> (artifact id: '91c9a8dd642a14cf58acaed342bd83d2') in 0.037723 seconds
  Import took 0.040377 seconds .

========================================================================
Received Import Request.
  Time since last request: 0.000206 seconds.
  path: Assets/Prefabs/GameController.prefab
  artifactKey: Guid(38646eb3fbe07b04daef55916ea14e9e) Importer(815301076,1909f56bfc062723c751e8b465ee728b)
Start importing Assets/Prefabs/GameController.prefab using Guid(38646eb3fbe07b04daef55916ea14e9e) Importer(815301076,1909f56bfc062723c751e8b465ee728b)  -> (artifact id: '22b47f9e415c7304e508c67508634040') in 0.006056 seconds
  Import took 0.008810 seconds .

========================================================================
Received Import Request.
  Time since last request: 0.000239 seconds.
  path: Assets/Prefabs/Coin.prefab
  artifactKey: Guid(969b1bee2b8adf948a4ae5e43d1cbde3) Importer(815301076,1909f56bfc062723c751e8b465ee728b)
Start importing Assets/Prefabs/Coin.prefab using Guid(969b1bee2b8adf948a4ae5e43d1cbde3) Importer(815301076,1909f56bfc062723c751e8b465ee728b)  -> (artifact id: '3d5cabd6abcdec429d7e9270351ddde5') in 0.027077 seconds
  Import took 0.030301 seconds .

========================================================================
Received Prepare
Registering precompiled user dll's ...
Registered in 0.001915 seconds.
Begin MonoManager ReloadAssembly
Native extension for OSXStandalone target not found
Refreshing native plugins compatible for Editor in 0.27 ms, found 1 plugins.
Preloading 0 native plugins for Editor in 0.00 ms.
Invoked RoslynAnalysisRunner static constructor.
RoslynAnalysisRunner will not be running.
RoslynAnalysisRunner has terminated.
Mono: successfully reloaded assembly
- Completed reload, in  1.012 seconds
Platform modules already initialized, skipping
Refreshing native plugins compatible for Editor in 0.29 ms, found 1 plugins.
Preloading 0 native plugins for Editor in 0.00 ms.
Unloading 1143 Unused Serialized files (Serialized files now loaded: 0)
System memory in use before: 141.3 MB.
System memory in use after: 141.4 MB.

Unloading 6 unused Assets to reduce memory usage. Loaded Objects now: 1674.
Total: 2.588528 ms (FindLiveObjects: 0.372510 ms CreateObjectMapping: 0.095334 ms MarkObjects: 2.041839 ms  DeleteObjects: 0.075560 ms)

========================================================================
Received Import Request.
  Time since last request: 7.349604 seconds.
  path: Assets/Prefabs/ChallengeObj .prefab
  artifactKey: Guid(aa50c6f832b9e479494cc98e5ee5a1e7) Importer(815301076,1909f56bfc062723c751e8b465ee728b)
Start importing Assets/Prefabs/ChallengeObj .prefab using Guid(aa50c6f832b9e479494cc98e5ee5a1e7) Importer(815301076,1909f56bfc062723c751e8b465ee728b)  -> (artifact id: '208b7aa9f2946936d8f131b6c04a6804') in 0.076661 seconds
  Import took 0.079764 seconds .

========================================================================
Received Prepare
Registering precompiled user dll's ...
Registered in 0.000402 seconds.
Begin MonoManager ReloadAssembly
Native extension for OSXStandalone target not found
Refreshing native plugins compatible for Editor in 0.25 ms, found 1 plugins.
Preloading 0 native plugins for Editor in 0.00 ms.
Invoked RoslynAnalysisRunner static constructor.
RoslynAnalysisRunner will not be running.
RoslynAnalysisRunner has terminated.
Mono: successfully reloaded assembly
- Completed reload, in  0.908 seconds
Platform modules already initialized, skipping
Refreshing native plugins compatible for Editor in 0.25 ms, found 1 plugins.
Preloading 0 native plugins for Editor in 0.00 ms.
Unloading 1143 Unused Serialized files (Serialized files now loaded: 0)
System memory in use before: 141.7 MB.
System memory in use after: 141.8 MB.

Unloading 5 unused Assets to reduce memory usage. Loaded Objects now: 1678.
Total: 1.669299 ms (FindLiveObjects: 0.153575 ms CreateObjectMapping: 0.037664 ms MarkObjects: 1.412432 ms  DeleteObjects: 0.063726 ms)

========================================================================
Received Prepare
Registering precompiled user dll's ...
Registered in 0.000367 seconds.
Begin MonoManager ReloadAssembly
Native extension for OSXStandalone target not found
Refreshing native plugins compatible for Editor in 0.23 ms, found 1 plugins.
Preloading 0 native plugins for Editor in 0.00 ms.
Invoked RoslynAnalysisRunner static constructor.
RoslynAnalysisRunner will not be running.
RoslynAnalysisRunner has terminated.
Mono: successfully reloaded assembly
- Completed reload, in  1.072 seconds
Platform modules already initialized, skipping
Refreshing native plugins compatible for Editor in 0.35 ms, found 1 plugins.
Preloading 0 native plugins for Editor in 0.00 ms.
Unloading 1143 Unused Serialized files (Serialized files now loaded: 0)
System memory in use before: 141.9 MB.
System memory in use after: 142.0 MB.

Unloading 5 unused Assets to reduce memory usage. Loaded Objects now: 1681.
Total: 2.240233 ms (FindLiveObjects: 0.247110 ms CreateObjectMapping: 0.065461 ms MarkObjects: 1.838574 ms  DeleteObjects: 0.085019 ms)

========================================================================
Received Prepare
Registering precompiled user dll's ...
Registered in 0.000398 seconds.
Begin MonoManager ReloadAssembly
Native extension for OSXStandalone target not found
Refreshing native plugins compatible for Editor in 0.25 ms, found 1 plugins.
Preloading 0 native plugins for Editor in 0.00 ms.
Invoked RoslynAnalysisRunner static constructor.
RoslynAnalysisRunner will not be running.
RoslynAnalysisRunner has terminated.
Mono: successfully reloaded assembly
- Completed reload, in  0.968 seconds
Platform modules already initialized, skipping
Refreshing native plugins compatible for Editor in 0.27 ms, found 1 plugins.
Preloading 0 native plugins for Editor in 0.00 ms.
Unloading 1143 Unused Serialized files (Serialized files now loaded: 0)
System memory in use before: 142.1 MB.
System memory in use after: 142.2 MB.

Unloading 5 unused Assets to reduce memory usage. Loaded Objects now: 1684.
Total: 2.326873 ms (FindLiveObjects: 0.298291 ms CreateObjectMapping: 0.072129 ms MarkObjects: 1.849894 ms  DeleteObjects: 0.104608 ms)

========================================================================
Received Import Request.
  Time since last request: 201.841151 seconds.
  path: Assets/Resources/Icons/1f3ae.png
  artifactKey: Guid(39e9a147bb3eced4ab5b82a84df774b0) Importer(815301076,1909f56bfc062723c751e8b465ee728b)
Start importing Assets/Resources/Icons/1f3ae.png using Guid(39e9a147bb3eced4ab5b82a84df774b0) Importer(815301076,1909f56bfc062723c751e8b465ee728b)  -> (artifact id: '7ca7d2e8c637295dcfedb6b2a9270b95') in 0.381244 seconds
  Import took 0.383908 seconds .

========================================================================
Received Import Request.
  Time since last request: 0.000219 seconds.
  path: Assets/_MK/MKGlowFree/Examples/Prefabs/Asteroid0.prefab
  artifactKey: Guid(6fb513fa5b0f39748aa384943eb8697b) Importer(815301076,1909f56bfc062723c751e8b465ee728b)
Start importing Assets/_MK/MKGlowFree/Examples/Prefabs/Asteroid0.prefab using Guid(6fb513fa5b0f39748aa384943eb8697b) Importer(815301076,1909f56bfc062723c751e8b465ee728b)  -> (artifact id: 'a1f35cbeea0b8d869347400d5c2b93cb') in 0.507701 seconds
  Import took 0.511609 seconds .

========================================================================
Received Import Request.
  Time since last request: 0.000200 seconds.
  path: Assets/_MK/MKGlowFree/Examples/Materials/AsteroidMat0.mat
  artifactKey: Guid(aa221cbf7916f0c4e83c9958b70c6f4c) Importer(815301076,1909f56bfc062723c751e8b465ee728b)
Start importing Assets/_MK/MKGlowFree/Examples/Materials/AsteroidMat0.mat using Guid(aa221cbf7916f0c4e83c9958b70c6f4c) Importer(815301076,1909f56bfc062723c751e8b465ee728b)  -> (artifact id: 'b8fe79560eccfc31e093c4434e3a3541') in 0.268029 seconds
  Import took 0.271180 seconds .

========================================================================
Received Import Request.
  Time since last request: 0.000205 seconds.
  path: Assets/_MK/MKGlowFree/Examples/Models/Tablet.FBX
  artifactKey: Guid(5ed3359e943040c49b3b348bc97f26cb) Importer(815301076,1909f56bfc062723c751e8b465ee728b)
Start importing Assets/_MK/MKGlowFree/Examples/Models/Tablet.FBX using Guid(5ed3359e943040c49b3b348bc97f26cb) Importer(815301076,1909f56bfc062723c751e8b465ee728b)  -> (artifact id: '9e456b7048ab5652705cac61c2d49bd1') in 0.476340 seconds
  Import took 0.479257 seconds .

========================================================================
Received Import Request.
  Time since last request: 0.000204 seconds.
  path: Assets/_MK/MKGlowFree/Examples/Prefabs/Asteroid1.prefab
  artifactKey: Guid(71b0ae4923e7bf94fb8ab7e219213bca) Importer(815301076,1909f56bfc062723c751e8b465ee728b)
Start importing Assets/_MK/MKGlowFree/Examples/Prefabs/Asteroid1.prefab using Guid(71b0ae4923e7bf94fb8ab7e219213bca) Importer(815301076,1909f56bfc062723c751e8b465ee728b)  -> (artifact id: 'ee612ee7b3c304bbd7c17565b1b27bda') in 0.048245 seconds
  Import took 0.052607 seconds .

========================================================================
Received Import Request.
  Time since last request: 0.000206 seconds.
  path: Assets/Resources/Icons/boundaries.png
  artifactKey: Guid(774823e620ef6a64dab09d752fc623e2) Importer(815301076,1909f56bfc062723c751e8b465ee728b)
Start importing Assets/Resources/Icons/boundaries.png using Guid(774823e620ef6a64dab09d752fc623e2) Importer(815301076,1909f56bfc062723c751e8b465ee728b)  -> (artifact id: '773ee77210a4c7f0ea9d139912b99762') in 0.008570 seconds
  Import took 0.011346 seconds .

========================================================================
Received Import Request.
  Time since last request: 0.000238 seconds.
  path: Assets/_MK/MKGlowFree/Examples/Prefabs/Asteroid2.prefab
  artifactKey: Guid(492af46e6b8373f41ba1c23ce7793d25) Importer(815301076,1909f56bfc062723c751e8b465ee728b)
Start importing Assets/_MK/MKGlowFree/Examples/Prefabs/Asteroid2.prefab using Guid(492af46e6b8373f41ba1c23ce7793d25) Importer(815301076,1909f56bfc062723c751e8b465ee728b)  -> (artifact id: '29ddc5fd0042eb1f564bcfc290b6aef9') in 0.032394 seconds
  Import took 0.036843 seconds .

========================================================================
Received Import Request.
  Time since last request: 0.000156 seconds.
  path: Assets/_MK/MKGlowFree/Examples/Models/Obelisk.FBX
  artifactKey: Guid(5dc2de92884088d499a395dd0c5c2532) Importer(815301076,1909f56bfc062723c751e8b465ee728b)
Start importing Assets/_MK/MKGlowFree/Examples/Models/Obelisk.FBX using Guid(5dc2de92884088d499a395dd0c5c2532) Importer(815301076,1909f56bfc062723c751e8b465ee728b)  -> (artifact id: '8f38fcd0443d5e1b661d9b6dc2c03b09') in 0.023530 seconds
  Import took 0.026737 seconds .

========================================================================
Received Import Request.
  Time since last request: 0.000229 seconds.
  path: Assets/_MK/MKGlowFree/Examples/Materials/AsteroidMat2.mat
  artifactKey: Guid(9779557c388bc9245939afbb34e40e09) Importer(815301076,1909f56bfc062723c751e8b465ee728b)
Start importing Assets/_MK/MKGlowFree/Examples/Materials/AsteroidMat2.mat using Guid(9779557c388bc9245939afbb34e40e09) Importer(815301076,1909f56bfc062723c751e8b465ee728b)  -> (artifact id: '1a4e7e8e7d875c3a7a7ae127696882b1') in 0.010791 seconds
  Import took 0.013615 seconds .

========================================================================
Received Import Request.
  Time since last request: 0.000276 seconds.
  path: Assets/_MK/MKGlowFree/Examples/Models/Asteroid.FBX
  artifactKey: Guid(8601edb3ef3c7ef43b73d2ae0e674f76) Importer(815301076,1909f56bfc062723c751e8b465ee728b)
Start importing Assets/_MK/MKGlowFree/Examples/Models/Asteroid.FBX using Guid(8601edb3ef3c7ef43b73d2ae0e674f76) Importer(815301076,1909f56bfc062723c751e8b465ee728b)  -> (artifact id: 'ea8f5d531b545ec8a3198827669a796a') in 0.032371 seconds
  Import took 0.036672 seconds .

========================================================================
Received Import Request.
  Time since last request: 0.000468 seconds.
  path: Assets/_MK/MKGlowFree/Examples/Materials/AsteroidMat1.mat
  artifactKey: Guid(03e73bf41c04040449227ac1800a82c2) Importer(815301076,1909f56bfc062723c751e8b465ee728b)
Start importing Assets/_MK/MKGlowFree/Examples/Materials/AsteroidMat1.mat using Guid(03e73bf41c04040449227ac1800a82c2) Importer(815301076,1909f56bfc062723c751e8b465ee728b)  -> (artifact id: '0f08b9d172ddaf41b37dffcfae43139c') in 0.013174 seconds
  Import took 0.016422 seconds .

========================================================================
Received Import Request.
  Time since last request: 0.000186 seconds.
  path: Assets/_MK/MKGlowFree/Examples/Models/Asteroid.FBX
  artifactKey: Guid(8601edb3ef3c7ef43b73d2ae0e674f76) Importer(815301076,1909f56bfc062723c751e8b465ee728b)
Start importing Assets/_MK/MKGlowFree/Examples/Models/Asteroid.FBX using Guid(8601edb3ef3c7ef43b73d2ae0e674f76) Importer(815301076,1909f56bfc062723c751e8b465ee728b)  -> (artifact id: 'ea8f5d531b545ec8a3198827669a796a') in 0.031981 seconds
  Import took 0.036072 seconds .

========================================================================
Received Import Request.
  Time since last request: 0.000225 seconds.
  path: Assets/_MK/MKGlowFree/Examples/Materials/AsteroidMat1.mat
  artifactKey: Guid(03e73bf41c04040449227ac1800a82c2) Importer(815301076,1909f56bfc062723c751e8b465ee728b)
Start importing Assets/_MK/MKGlowFree/Examples/Materials/AsteroidMat1.mat using Guid(03e73bf41c04040449227ac1800a82c2) Importer(815301076,1909f56bfc062723c751e8b465ee728b)  -> (artifact id: '0f08b9d172ddaf41b37dffcfae43139c') in 0.011295 seconds
  Import took 0.014547 seconds .

========================================================================
Received Import Request.
  Time since last request: 0.000177 seconds.
  path: Assets/Resources/Icons/collectables.png
  artifactKey: Guid(29f4a7575f7dbda4bbd9ca2de8852c66) Importer(815301076,1909f56bfc062723c751e8b465ee728b)
Start importing Assets/Resources/Icons/collectables.png using Guid(29f4a7575f7dbda4bbd9ca2de8852c66) Importer(815301076,1909f56bfc062723c751e8b465ee728b)  -> (artifact id: '7701ec471b055593e288851054d671ae') in 0.014072 seconds
  Import took 0.016890 seconds .

========================================================================
Received Import Request.
  Time since last request: 0.508350 seconds.
  path: Assets/_MK/MKGlowFree/Examples/Materials/CubeEmissive0.mat
  artifactKey: Guid(b3cb5f103012ea345b1ca739e5d0d966) Importer(815301076,1909f56bfc062723c751e8b465ee728b)
Start importing Assets/_MK/MKGlowFree/Examples/Materials/CubeEmissive0.mat using Guid(b3cb5f103012ea345b1ca739e5d0d966) Importer(815301076,1909f56bfc062723c751e8b465ee728b)  -> (artifact id: '5a2fad2d9b6a7e574e5a99f1a2fd6d19') in 0.009483 seconds
  Import took 0.012069 seconds .

========================================================================
Received Import Request.
  Time since last request: 0.004958 seconds.
  path: Assets/_MK/MKGlowFree/Examples/Materials/CubeEmissive0.mat
  artifactKey: Guid(b3cb5f103012ea345b1ca739e5d0d966) Importer(815301076,1909f56bfc062723c751e8b465ee728b)
Start importing Assets/_MK/MKGlowFree/Examples/Materials/CubeEmissive0.mat using Guid(b3cb5f103012ea345b1ca739e5d0d966) Importer(815301076,1909f56bfc062723c751e8b465ee728b)  -> (artifact id: '5a2fad2d9b6a7e574e5a99f1a2fd6d19') in 0.010139 seconds
  Import took 0.012966 seconds .

========================================================================
Received Import Request.
  Time since last request: 0.083301 seconds.
  path: Assets/_MK/MKGlowFree/Examples/Models/Podium.FBX
  artifactKey: Guid(1d52697d3f7a38f40a4e374e9a48dd06) Importer(815301076,1909f56bfc062723c751e8b465ee728b)
Start importing Assets/_MK/MKGlowFree/Examples/Models/Podium.FBX using Guid(1d52697d3f7a38f40a4e374e9a48dd06) Importer(815301076,1909f56bfc062723c751e8b465ee728b)  -> (artifact id: '99a36ac208b9f95780c46a14014fb5cc') in 0.021063 seconds
  Import took 0.023466 seconds .

========================================================================
Received Import Request.
  Time since last request: 0.052889 seconds.
  path: Assets/Resources/Icons/DestroyOverTime.png
  artifactKey: Guid(151215a4c5ecdf840a1fbee697c505b6) Importer(815301076,1909f56bfc062723c751e8b465ee728b)
Start importing Assets/Resources/Icons/DestroyOverTime.png using Guid(151215a4c5ecdf840a1fbee697c505b6) Importer(815301076,1909f56bfc062723c751e8b465ee728b)  -> (artifact id: '97ee76bb48ce5181effdb8fcadda84f0') in 0.006759 seconds
  Import took 0.009360 seconds .

========================================================================
Received Import Request.
  Time since last request: 0.000307 seconds.
  path: Assets/_MK/MKGlowFree/Examples/Models/Dice.FBX
  artifactKey: Guid(c7809d7976ae2e34d8e39613afa805e9) Importer(815301076,1909f56bfc062723c751e8b465ee728b)
Start importing Assets/_MK/MKGlowFree/Examples/Models/Dice.FBX using Guid(c7809d7976ae2e34d8e39613afa805e9) Importer(815301076,1909f56bfc062723c751e8b465ee728b)  -> (artifact id: '5c154b042d6f1b05b84af0875b24ed38') in 0.026587 seconds
  Import took 0.028926 seconds .

========================================================================
Received Import Request.
  Time since last request: 0.202649 seconds.
  path: Assets/_MK/MKGlowFree/Examples/Materials/Dice.mat
  artifactKey: Guid(3a79c00c48267294fa2e40eff8a4e6b4) Importer(815301076,1909f56bfc062723c751e8b465ee728b)
Start importing Assets/_MK/MKGlowFree/Examples/Materials/Dice.mat using Guid(3a79c00c48267294fa2e40eff8a4e6b4) Importer(815301076,1909f56bfc062723c751e8b465ee728b)  -> (artifact id: '932eda590615aeb3e0e6b47bbee784ab') in 0.018607 seconds
  Import took 0.021564 seconds .

========================================================================
Received Import Request.
  Time since last request: 0.000202 seconds.
  path: Assets/_MK/MKGlowFree/Examples/Textures/Dice_GlowMap.jpg
  artifactKey: Guid(443520e2b7cf76545b3cce75f665154d) Importer(815301076,1909f56bfc062723c751e8b465ee728b)
Start importing Assets/_MK/MKGlowFree/Examples/Textures/Dice_GlowMap.jpg using Guid(443520e2b7cf76545b3cce75f665154d) Importer(815301076,1909f56bfc062723c751e8b465ee728b)  -> (artifact id: '57c338923edd5e8e94ed125baedef258') in 0.305558 seconds
  Import took 0.308309 seconds .

========================================================================
Received Import Request.
  Time since last request: 0.000237 seconds.
  path: Assets/_MK/MKGlowFree/Examples/Materials/Dice.mat
  artifactKey: Guid(3a79c00c48267294fa2e40eff8a4e6b4) Importer(815301076,1909f56bfc062723c751e8b465ee728b)
Start importing Assets/_MK/MKGlowFree/Examples/Materials/Dice.mat using Guid(3a79c00c48267294fa2e40eff8a4e6b4) Importer(815301076,1909f56bfc062723c751e8b465ee728b)  -> (artifact id: '932eda590615aeb3e0e6b47bbee784ab') in 0.012991 seconds
  Import took 0.015190 seconds .

========================================================================
Received Import Request.
  Time since last request: 2.125433 seconds.
  path: Assets/Sprites/Rectangle.png
  artifactKey: Guid(325bdbf25c65fa2469c953de6c105c45) Importer(815301076,1909f56bfc062723c751e8b465ee728b)
Start importing Assets/Sprites/Rectangle.png using Guid(325bdbf25c65fa2469c953de6c105c45) Importer(815301076,1909f56bfc062723c751e8b465ee728b)  -> (artifact id: 'ada2b6c186cf9d8caf0ae9e53247c46f') in 0.051352 seconds
  Import took 0.053874 seconds .

========================================================================
Received Import Request.
  Time since last request: 0.000209 seconds.
  path: Assets/Resources/Icons/score.png
  artifactKey: Guid(bedad306b2c9c7c45b3dede9288ba435) Importer(815301076,1909f56bfc062723c751e8b465ee728b)
Start importing Assets/Resources/Icons/score.png using Guid(bedad306b2c9c7c45b3dede9288ba435) Importer(815301076,1909f56bfc062723c751e8b465ee728b)  -> (artifact id: '52c1d8abe270ff37dcd39cd33c63b9f3') in 0.010713 seconds
  Import took 0.014438 seconds .

========================================================================
Received Import Request.
  Time since last request: 0.000222 seconds.
  path: Assets/Resources/Icons/reset.png
  artifactKey: Guid(7aa3faa8702ed2d45b4bae5c39511876) Importer(815301076,1909f56bfc062723c751e8b465ee728b)
Start importing Assets/Resources/Icons/reset.png using Guid(7aa3faa8702ed2d45b4bae5c39511876) Importer(815301076,1909f56bfc062723c751e8b465ee728b)  -> (artifact id: 'ec3d57496d125f86b8c2434462932fee') in 0.023526 seconds
  Import took 0.026875 seconds .

========================================================================
Received Import Request.
  Time since last request: 0.000190 seconds.
  path: Assets/Sprites/Square.png
  artifactKey: Guid(bf330fa5a20258d4eabd156201b15e36) Importer(815301076,1909f56bfc062723c751e8b465ee728b)
Start importing Assets/Sprites/Square.png using Guid(bf330fa5a20258d4eabd156201b15e36) Importer(815301076,1909f56bfc062723c751e8b465ee728b)  -> (artifact id: 'e23bc92817712407e9f7d542d69f6ebc') in 0.022234 seconds
  Import took 0.027915 seconds .

========================================================================
Received Import Request.
  Time since last request: 0.025808 seconds.
  path: Assets/Sprites/Square.png
  artifactKey: Guid(bf330fa5a20258d4eabd156201b15e36) Importer(815301076,1909f56bfc062723c751e8b465ee728b)
Start importing Assets/Sprites/Square.png using Guid(bf330fa5a20258d4eabd156201b15e36) Importer(815301076,1909f56bfc062723c751e8b465ee728b)  -> (artifact id: 'e23bc92817712407e9f7d542d69f6ebc') in 0.011770 seconds
  Import took 0.015822 seconds .

========================================================================
Received Import Request.
  Time since last request: 0.604314 seconds.
  path: Assets/_MK/MKGlowFree/Builtin/Resources/MKGlowResources.asset
  artifactKey: Guid(7214a85d80cb30a45abb28ccee32f5be) Importer(815301076,1909f56bfc062723c751e8b465ee728b)
Start importing Assets/_MK/MKGlowFree/Builtin/Resources/MKGlowResources.asset using Guid(7214a85d80cb30a45abb28ccee32f5be) Importer(815301076,1909f56bfc062723c751e8b465ee728b)  -> (artifact id: '93e90a3bf2c2c933f023506d58edd1ea') in 0.203632 seconds
  Import took 0.206411 seconds .

========================================================================
Received Prepare
Registering precompiled user dll's ...
Registered in 0.000772 seconds.
Begin MonoManager ReloadAssembly
Native extension for OSXStandalone target not found
Refreshing native plugins compatible for Editor in 0.27 ms, found 1 plugins.
Preloading 0 native plugins for Editor in 0.00 ms.
Invoked RoslynAnalysisRunner static constructor.
RoslynAnalysisRunner will not be running.
RoslynAnalysisRunner has terminated.
Mono: successfully reloaded assembly
- Completed reload, in  1.056 seconds
Platform modules already initialized, skipping
Refreshing native plugins compatible for Editor in 0.31 ms, found 1 plugins.
Preloading 0 native plugins for Editor in 0.00 ms.
Unloading 1143 Unused Serialized files (Serialized files now loaded: 0)
System memory in use before: 165.2 MB.
System memory in use after: 165.2 MB.

Unloading 6 unused Assets to reduce memory usage. Loaded Objects now: 1729.
Total: 2.924733 ms (FindLiveObjects: 0.496953 ms CreateObjectMapping: 0.265067 ms MarkObjects: 2.076045 ms  DeleteObjects: 0.084375 ms)

========================================================================
Received Import Request.
  Time since last request: 25.000699 seconds.
  path: Assets/_MK/MKGlowFree/Examples/Materials/Rune.mat
  artifactKey: Guid(6a9a800a019029e43a571d32dec4dee5) Importer(815301076,1909f56bfc062723c751e8b465ee728b)
Start importing Assets/_MK/MKGlowFree/Examples/Materials/Rune.mat using Guid(6a9a800a019029e43a571d32dec4dee5) Importer(815301076,1909f56bfc062723c751e8b465ee728b)  -> (artifact id: '5105c20da93725d8b8b10546c8164b97') in 0.116680 seconds
  Import took 0.119522 seconds .

========================================================================
Received Import Request.
  Time since last request: 0.007899 seconds.
  path: Assets/_MK/MKGlowFree/Examples/Materials/Rune.mat
  artifactKey: Guid(6a9a800a019029e43a571d32dec4dee5) Importer(815301076,1909f56bfc062723c751e8b465ee728b)
Start importing Assets/_MK/MKGlowFree/Examples/Materials/Rune.mat using Guid(6a9a800a019029e43a571d32dec4dee5) Importer(815301076,1909f56bfc062723c751e8b465ee728b)  -> (artifact id: '5105c20da93725d8b8b10546c8164b97') in 0.017570 seconds
  Import took 0.020455 seconds .

========================================================================
Received Prepare
Registering precompiled user dll's ...
Registered in 0.000386 seconds.
Begin MonoManager ReloadAssembly
Native extension for OSXStandalone target not found
Refreshing native plugins compatible for Editor in 0.25 ms, found 1 plugins.
Preloading 0 native plugins for Editor in 0.00 ms.
Invoked RoslynAnalysisRunner static constructor.
RoslynAnalysisRunner will not be running.
RoslynAnalysisRunner has terminated.
Mono: successfully reloaded assembly
- Completed reload, in  0.952 seconds
Platform modules already initialized, skipping
Refreshing native plugins compatible for Editor in 0.25 ms, found 1 plugins.
Preloading 0 native plugins for Editor in 0.00 ms.
Unloading 1143 Unused Serialized files (Serialized files now loaded: 0)
System memory in use before: 165.6 MB.
System memory in use after: 165.6 MB.

Unloading 5 unused Assets to reduce memory usage. Loaded Objects now: 1733.
Total: 2.027786 ms (FindLiveObjects: 0.346444 ms CreateObjectMapping: 0.071408 ms MarkObjects: 1.540176 ms  DeleteObjects: 0.068476 ms)

========================================================================
Received Import Request.
  Time since last request: 72.513155 seconds.
  path: Assets/Scripts/GameController.cs
  artifactKey: Guid(2adf4836e306432449800174aadd350c) Importer(815301076,1909f56bfc062723c751e8b465ee728b)
Start importing Assets/Scripts/GameController.cs using Guid(2adf4836e306432449800174aadd350c) Importer(815301076,1909f56bfc062723c751e8b465ee728b)  -> (artifact id: 'e7d0f2dcc344a5033bf061fb0c598f16') in 0.003887 seconds
  Import took 0.006136 seconds .

========================================================================
Received Import Request.
  Time since last request: 0.758089 seconds.
  path: Assets/Scripts/GameController.cs
  artifactKey: Guid(2adf4836e306432449800174aadd350c) Importer(815301076,1909f56bfc062723c751e8b465ee728b)
Start importing Assets/Scripts/GameController.cs using Guid(2adf4836e306432449800174aadd350c) Importer(815301076,1909f56bfc062723c751e8b465ee728b)  -> (artifact id: 'e7d0f2dcc344a5033bf061fb0c598f16') in 0.002132 seconds
  Import took 0.004374 seconds .

========================================================================
Received Prepare
Registering precompiled user dll's ...
Registered in 0.000517 seconds.
Begin MonoManager ReloadAssembly
Native extension for OSXStandalone target not found
Refreshing native plugins compatible for Editor in 0.36 ms, found 1 plugins.
Preloading 0 native plugins for Editor in 0.00 ms.
Invoked RoslynAnalysisRunner static constructor.
RoslynAnalysisRunner will not be running.
RoslynAnalysisRunner has terminated.
Mono: successfully reloaded assembly
- Completed reload, in  1.075 seconds
Platform modules already initialized, skipping
Refreshing native plugins compatible for Editor in 0.25 ms, found 1 plugins.
Preloading 0 native plugins for Editor in 0.00 ms.
Unloading 1144 Unused Serialized files (Serialized files now loaded: 0)
System memory in use before: 165.8 MB.
System memory in use after: 165.9 MB.

Unloading 5 unused Assets to reduce memory usage. Loaded Objects now: 1737.
Total: 1.796718 ms (FindLiveObjects: 0.252899 ms CreateObjectMapping: 0.072736 ms MarkObjects: 1.405253 ms  DeleteObjects: 0.064898 ms)

========================================================================
Received Import Request.
  Time since last request: 59.547179 seconds.
  path: Assets/Scripts/Credits.cs
  artifactKey: Guid(760cde038e43b4a149838c2ebcb99045) Importer(815301076,1909f56bfc062723c751e8b465ee728b)
Start importing Assets/Scripts/Credits.cs using Guid(760cde038e43b4a149838c2ebcb99045) Importer(815301076,1909f56bfc062723c751e8b465ee728b)  -> (artifact id: 'de2a37ac110b555ab20d30b76ad9144d') in 0.004959 seconds
  Import took 0.006871 seconds .

========================================================================
Received Prepare
Registering precompiled user dll's ...
Registered in 0.000362 seconds.
Begin MonoManager ReloadAssembly
Native extension for OSXStandalone target not found
Refreshing native plugins compatible for Editor in 0.37 ms, found 1 plugins.
Preloading 0 native plugins for Editor in 0.00 ms.
Invoked RoslynAnalysisRunner static constructor.
RoslynAnalysisRunner will not be running.
RoslynAnalysisRunner has terminated.
Mono: successfully reloaded assembly
- Completed reload, in  1.220 seconds
Platform modules already initialized, skipping
Refreshing native plugins compatible for Editor in 0.23 ms, found 1 plugins.
Preloading 0 native plugins for Editor in 0.00 ms.
Unloading 1144 Unused Serialized files (Serialized files now loaded: 0)
System memory in use before: 166.0 MB.
System memory in use after: 166.1 MB.

Unloading 5 unused Assets to reduce memory usage. Loaded Objects now: 1740.
Total: 2.689526 ms (FindLiveObjects: 0.279268 ms CreateObjectMapping: 0.091742 ms MarkObjects: 2.202471 ms  DeleteObjects: 0.112292 ms)

